<?xml version="1.0" encoding="UTF-8"?>
<!-- Generated by org.testng.reporters.JUnitReportReporter -->
<testsuite hostname="DESKTOP-KF0V1ML" failures="0" tests="9" name="TextFields.TestFieldsa" time="3.604" errors="0" timestamp="2021-02-20T13:45:53 GMT" skipped="0">
  <testcase classname="TextFields.TestFieldsa" name="TestOne" time="0.232"/>
  <system-out/>
  <testcase classname="TextFields.TestFieldsa" name="TestTwo" time="0.394"/>
  <system-out/>
  <testcase classname="TextFields.TestFieldsa" name="TestThree" time="0.141"/>
  <system-out/>
  <testcase classname="TextFields.TestFieldsa" name="TestFour" time="0.138"/>
  <system-out/>
  <testcase classname="TextFields.TestFieldsa" name="TestFive" time="0.140"/>
  <system-out/>
  <testcase classname="TextFields.TestFieldsa" name="TestSix" time="0.139"/>
  <system-out/>
  <testcase classname="TextFields.TestFieldsa" name="TestSeven" time="0.164"/>
  <system-out/>
  <testcase classname="TextFields.TestFieldsa" name="TestEight" time="0.164"/>
  <system-out/>
  <testcase classname="TextFields.TestFieldsa" name="TestNine" time="2.092"/>
  <system-out/>
</testsuite> <!-- TextFields.TestFieldsa -->
