<?xml version="1.0" encoding="UTF-8"?>
<!-- Generated by org.testng.reporters.JUnitReportReporter -->
<testsuite hostname="DESKTOP-KF0V1ML" failures="0" tests="9" name="TextFields.TestFieldsa" time="1.846" errors="0" timestamp="2021-02-19T13:10:22 GMT" skipped="0">
  <testcase classname="TextFields.TestFieldsa" name="TestOne" time="0.199"/>
  <system-out/>
  <testcase classname="TextFields.TestFieldsa" name="TestTwo" time="0.190"/>
  <system-out/>
  <testcase classname="TextFields.TestFieldsa" name="TestThree" time="0.139"/>
  <system-out/>
  <testcase classname="TextFields.TestFieldsa" name="TestFour" time="0.169"/>
  <system-out/>
  <testcase classname="TextFields.TestFieldsa" name="TestFive" time="0.111"/>
  <system-out/>
  <testcase classname="TextFields.TestFieldsa" name="TestSix" time="0.145"/>
  <system-out/>
  <testcase classname="TextFields.TestFieldsa" name="TestSeven" time="0.211"/>
  <system-out/>
  <testcase classname="TextFields.TestFieldsa" name="TestEight" time="0.157"/>
  <system-out/>
  <testcase classname="TextFields.TestFieldsa" name="TestNine" time="0.525"/>
  <system-out/>
</testsuite> <!-- TextFields.TestFieldsa -->
